<?xml version="1.0" encoding="UTF-8"?>
<testng-results skipped="1" failed="4" ignored="1" total="18" passed="12">
  <reporter-output>
  </reporter-output>
  <suite name="paypal" duration-ms="71" started-at="2017-07-24T06:36:23Z" finished-at="2017-07-24T06:36:23Z">
    <groups>
      <group name="ui">
        <method signature="PayPalBalanceTestPlan.testAccesstoPaypalBalanceFromHomePage()[pri:0, instance:com.sandbox.testplans.PayPalBalanceTestPlan@13c78c0b]" name="testAccesstoPaypalBalanceFromHomePage" class="com.sandbox.testplans.PayPalBalanceTestPlan"/>
        <method signature="PayPalBalanceTestPlan.testLnkDisplayAddMoney()[pri:0, instance:com.sandbox.testplans.PayPalBalanceTestPlan@13c78c0b]" name="testLnkDisplayAddMoney" class="com.sandbox.testplans.PayPalBalanceTestPlan"/>
        <method signature="PayPalBalanceTestPlan.testLnkDisplayManageCurrencies()[pri:0, instance:com.sandbox.testplans.PayPalBalanceTestPlan@13c78c0b]" name="testLnkDisplayManageCurrencies" class="com.sandbox.testplans.PayPalBalanceTestPlan"/>
        <method signature="PayPalBalanceTestPlan.testLnkDisplayWithdrawMoney()[pri:0, instance:com.sandbox.testplans.PayPalBalanceTestPlan@13c78c0b]" name="testLnkDisplayWithdrawMoney" class="com.sandbox.testplans.PayPalBalanceTestPlan"/>
        <method signature="TransferMoneyTestPlan.testInputBox()[pri:0, instance:com.sandbox.testplans.TransferMoneyTestPlan@3dd3bcd]" name="testInputBox" class="com.sandbox.testplans.TransferMoneyTestPlan"/>
        <method signature="TransferMoneyTestPlan.testActivateNextBtn()[pri:0, instance:com.sandbox.testplans.TransferMoneyTestPlan@3dd3bcd]" name="testActivateNextBtn" class="com.sandbox.testplans.TransferMoneyTestPlan"/>
        <method signature="UserLogonTestPlan.testInputBoxPassword()[pri:0, instance:com.sandbox.testplans.UserLogonTestPlan@26f67b76]" name="testInputBoxPassword" class="com.sandbox.testplans.UserLogonTestPlan"/>
        <method signature="UserLogonTestPlan.testInputBoxUser()[pri:0, instance:com.sandbox.testplans.UserLogonTestPlan@26f67b76]" name="testInputBoxUser" class="com.sandbox.testplans.UserLogonTestPlan"/>
        <method signature="UserLogonTestPlan.testMock()[pri:0, instance:com.sandbox.testplans.UserLogonTestPlan@26f67b76]" name="testMock" class="com.sandbox.testplans.UserLogonTestPlan"/>
        <method signature="UserLogonTestPlan.testUserLogon()[pri:0, instance:com.sandbox.testplans.UserLogonTestPlan@26f67b76]" name="testUserLogon" class="com.sandbox.testplans.UserLogonTestPlan"/>
        <method signature="HomePageTestPlan.testElementDisplayPayOrSendMoney()[pri:0, instance:com.sandbox.testplans.HomePageTestPlan@61dc03ce]" name="testElementDisplayPayOrSendMoney" class="com.sandbox.testplans.HomePageTestPlan"/>
        <method signature="HomePageTestPlan.testElementGetThePaypalApp()[pri:0, instance:com.sandbox.testplans.HomePageTestPlan@61dc03ce]" name="testElementGetThePaypalApp" class="com.sandbox.testplans.HomePageTestPlan"/>
        <method signature="HomePageTestPlan.testElementTakeMoreTimeToPay()[pri:0, instance:com.sandbox.testplans.HomePageTestPlan@61dc03ce]" name="testElementTakeMoreTimeToPay" class="com.sandbox.testplans.HomePageTestPlan"/>
        <method signature="HomePageTestPlan.testGreetingMsg()[pri:0, instance:com.sandbox.testplans.HomePageTestPlan@61dc03ce]" name="testGreetingMsg" class="com.sandbox.testplans.HomePageTestPlan"/>
        <method signature="HomePageTestPlan.testMoreAboutYourAccount()[pri:0, instance:com.sandbox.testplans.HomePageTestPlan@61dc03ce]" name="testMoreAboutYourAccount" class="com.sandbox.testplans.HomePageTestPlan"/>
        <method signature="HomePageTestPlan.testSectionBankAndCards()[pri:0, instance:com.sandbox.testplans.HomePageTestPlan@61dc03ce]" name="testSectionBankAndCards" class="com.sandbox.testplans.HomePageTestPlan"/>
        <method signature="HomePageTestPlan.testSellingTools()[pri:0, instance:com.sandbox.testplans.HomePageTestPlan@61dc03ce]" name="testSellingTools" class="com.sandbox.testplans.HomePageTestPlan"/>
      </group> <!-- ui -->
      <group name="qe">
        <method signature="PayPalBalanceTestPlan.testAccesstoPaypalBalanceFromHomePage()[pri:0, instance:com.sandbox.testplans.PayPalBalanceTestPlan@13c78c0b]" name="testAccesstoPaypalBalanceFromHomePage" class="com.sandbox.testplans.PayPalBalanceTestPlan"/>
        <method signature="PayPalBalanceTestPlan.testLnkDisplayAddMoney()[pri:0, instance:com.sandbox.testplans.PayPalBalanceTestPlan@13c78c0b]" name="testLnkDisplayAddMoney" class="com.sandbox.testplans.PayPalBalanceTestPlan"/>
        <method signature="PayPalBalanceTestPlan.testLnkDisplayManageCurrencies()[pri:0, instance:com.sandbox.testplans.PayPalBalanceTestPlan@13c78c0b]" name="testLnkDisplayManageCurrencies" class="com.sandbox.testplans.PayPalBalanceTestPlan"/>
        <method signature="PayPalBalanceTestPlan.testLnkDisplayWithdrawMoney()[pri:0, instance:com.sandbox.testplans.PayPalBalanceTestPlan@13c78c0b]" name="testLnkDisplayWithdrawMoney" class="com.sandbox.testplans.PayPalBalanceTestPlan"/>
        <method signature="TransferMoneyTestPlan.testInputBox()[pri:0, instance:com.sandbox.testplans.TransferMoneyTestPlan@3dd3bcd]" name="testInputBox" class="com.sandbox.testplans.TransferMoneyTestPlan"/>
        <method signature="TransferMoneyTestPlan.testActivateNextBtn()[pri:0, instance:com.sandbox.testplans.TransferMoneyTestPlan@3dd3bcd]" name="testActivateNextBtn" class="com.sandbox.testplans.TransferMoneyTestPlan"/>
        <method signature="HomePageTestPlan.testElementDisplayPayOrSendMoney()[pri:0, instance:com.sandbox.testplans.HomePageTestPlan@61dc03ce]" name="testElementDisplayPayOrSendMoney" class="com.sandbox.testplans.HomePageTestPlan"/>
        <method signature="HomePageTestPlan.testElementGetThePaypalApp()[pri:0, instance:com.sandbox.testplans.HomePageTestPlan@61dc03ce]" name="testElementGetThePaypalApp" class="com.sandbox.testplans.HomePageTestPlan"/>
        <method signature="HomePageTestPlan.testElementTakeMoreTimeToPay()[pri:0, instance:com.sandbox.testplans.HomePageTestPlan@61dc03ce]" name="testElementTakeMoreTimeToPay" class="com.sandbox.testplans.HomePageTestPlan"/>
        <method signature="HomePageTestPlan.testGreetingMsg()[pri:0, instance:com.sandbox.testplans.HomePageTestPlan@61dc03ce]" name="testGreetingMsg" class="com.sandbox.testplans.HomePageTestPlan"/>
        <method signature="HomePageTestPlan.testMoreAboutYourAccount()[pri:0, instance:com.sandbox.testplans.HomePageTestPlan@61dc03ce]" name="testMoreAboutYourAccount" class="com.sandbox.testplans.HomePageTestPlan"/>
        <method signature="HomePageTestPlan.testSectionBankAndCards()[pri:0, instance:com.sandbox.testplans.HomePageTestPlan@61dc03ce]" name="testSectionBankAndCards" class="com.sandbox.testplans.HomePageTestPlan"/>
        <method signature="HomePageTestPlan.testSellingTools()[pri:0, instance:com.sandbox.testplans.HomePageTestPlan@61dc03ce]" name="testSellingTools" class="com.sandbox.testplans.HomePageTestPlan"/>
      </group> <!-- qe -->
      <group name="func">
        <method signature="UserLogonTestPlan.testInputBoxPassword()[pri:0, instance:com.sandbox.testplans.UserLogonTestPlan@26f67b76]" name="testInputBoxPassword" class="com.sandbox.testplans.UserLogonTestPlan"/>
        <method signature="UserLogonTestPlan.testInputBoxUser()[pri:0, instance:com.sandbox.testplans.UserLogonTestPlan@26f67b76]" name="testInputBoxUser" class="com.sandbox.testplans.UserLogonTestPlan"/>
        <method signature="UserLogonTestPlan.testMock()[pri:0, instance:com.sandbox.testplans.UserLogonTestPlan@26f67b76]" name="testMock" class="com.sandbox.testplans.UserLogonTestPlan"/>
      </group> <!-- func -->
      <group name="regression">
        <method signature="PayPalBalanceTestPlan.testAccesstoPaypalBalanceFromHomePage()[pri:0, instance:com.sandbox.testplans.PayPalBalanceTestPlan@13c78c0b]" name="testAccesstoPaypalBalanceFromHomePage" class="com.sandbox.testplans.PayPalBalanceTestPlan"/>
        <method signature="PayPalBalanceTestPlan.testLnkDisplayAddMoney()[pri:0, instance:com.sandbox.testplans.PayPalBalanceTestPlan@13c78c0b]" name="testLnkDisplayAddMoney" class="com.sandbox.testplans.PayPalBalanceTestPlan"/>
        <method signature="PayPalBalanceTestPlan.testLnkDisplayManageCurrencies()[pri:0, instance:com.sandbox.testplans.PayPalBalanceTestPlan@13c78c0b]" name="testLnkDisplayManageCurrencies" class="com.sandbox.testplans.PayPalBalanceTestPlan"/>
        <method signature="PayPalBalanceTestPlan.testLnkDisplayWithdrawMoney()[pri:0, instance:com.sandbox.testplans.PayPalBalanceTestPlan@13c78c0b]" name="testLnkDisplayWithdrawMoney" class="com.sandbox.testplans.PayPalBalanceTestPlan"/>
        <method signature="UserLogonTestPlan.testUserLogon()[pri:0, instance:com.sandbox.testplans.UserLogonTestPlan@26f67b76]" name="testUserLogon" class="com.sandbox.testplans.UserLogonTestPlan"/>
        <method signature="HomePageTestPlan.testElementDisplayPayOrSendMoney()[pri:0, instance:com.sandbox.testplans.HomePageTestPlan@61dc03ce]" name="testElementDisplayPayOrSendMoney" class="com.sandbox.testplans.HomePageTestPlan"/>
        <method signature="HomePageTestPlan.testElementGetThePaypalApp()[pri:0, instance:com.sandbox.testplans.HomePageTestPlan@61dc03ce]" name="testElementGetThePaypalApp" class="com.sandbox.testplans.HomePageTestPlan"/>
        <method signature="HomePageTestPlan.testElementTakeMoreTimeToPay()[pri:0, instance:com.sandbox.testplans.HomePageTestPlan@61dc03ce]" name="testElementTakeMoreTimeToPay" class="com.sandbox.testplans.HomePageTestPlan"/>
        <method signature="HomePageTestPlan.testGreetingMsg()[pri:0, instance:com.sandbox.testplans.HomePageTestPlan@61dc03ce]" name="testGreetingMsg" class="com.sandbox.testplans.HomePageTestPlan"/>
        <method signature="HomePageTestPlan.testMoreAboutYourAccount()[pri:0, instance:com.sandbox.testplans.HomePageTestPlan@61dc03ce]" name="testMoreAboutYourAccount" class="com.sandbox.testplans.HomePageTestPlan"/>
        <method signature="HomePageTestPlan.testSectionBankAndCards()[pri:0, instance:com.sandbox.testplans.HomePageTestPlan@61dc03ce]" name="testSectionBankAndCards" class="com.sandbox.testplans.HomePageTestPlan"/>
        <method signature="HomePageTestPlan.testSellingTools()[pri:0, instance:com.sandbox.testplans.HomePageTestPlan@61dc03ce]" name="testSellingTools" class="com.sandbox.testplans.HomePageTestPlan"/>
      </group> <!-- regression -->
    </groups>
    <test name="paypal" duration-ms="71" started-at="2017-07-24T06:36:23Z" finished-at="2017-07-24T06:36:23Z">
      <class name="com.sandbox.testplans.TransferMoneyTestPlan">
        <test-method status="FAIL" signature="testInputBox()[pri:0, instance:com.sandbox.testplans.TransferMoneyTestPlan@3dd3bcd]" name="testInputBox" duration-ms="15" started-at="2017-07-24T14:36:23Z" finished-at="2017-07-24T14:36:23Z">
          <exception class="java.lang.NullPointerException">
            <full-stacktrace>
              <![CDATA[java.lang.NullPointerException
	at com.sandbox.testplans.TransferMoneyTestPlan.testInputBox(TransferMoneyTestPlan.java:25)
	at sun.reflect.NativeMethodAccessorImpl.invoke0(Native Method)
	at sun.reflect.NativeMethodAccessorImpl.invoke(NativeMethodAccessorImpl.java:62)
	at sun.reflect.DelegatingMethodAccessorImpl.invoke(DelegatingMethodAccessorImpl.java:43)
	at java.lang.reflect.Method.invoke(Method.java:498)
	at org.testng.internal.MethodInvocationHelper.invokeMethod(MethodInvocationHelper.java:108)
	at org.testng.internal.Invoker.invokeMethod(Invoker.java:661)
	at org.testng.internal.Invoker.invokeTestMethod(Invoker.java:869)
	at org.testng.internal.Invoker.invokeTestMethods(Invoker.java:1193)
	at org.testng.internal.TestMethodWorker.invokeTestMethods(TestMethodWorker.java:126)
	at org.testng.internal.TestMethodWorker.run(TestMethodWorker.java:109)
	at java.util.concurrent.ThreadPoolExecutor.runWorker(ThreadPoolExecutor.java:1142)
	at java.util.concurrent.ThreadPoolExecutor$Worker.run(ThreadPoolExecutor.java:617)
	at java.lang.Thread.run(Thread.java:745)
]]>
            </full-stacktrace>
          </exception> <!-- java.lang.NullPointerException -->
          <reporter-output>
          </reporter-output>
        </test-method> <!-- testInputBox -->
        <test-method status="SKIP" signature="testActivateNextBtn()[pri:0, instance:com.sandbox.testplans.TransferMoneyTestPlan@3dd3bcd]" name="testActivateNextBtn" duration-ms="0" started-at="2017-07-24T14:36:23Z" depends-on-methods="com.sandbox.testplans.TransferMoneyTestPlan.testInputBox" finished-at="2017-07-24T14:36:23Z">
          <exception class="java.lang.Throwable">
            <message>
              <![CDATA[Method TransferMoneyTestPlan.testActivateNextBtn()[pri:0, instance:com.sandbox.testplans.TransferMoneyTestPlan@3dd3bcd] depends on not successfully finished methods]]>
            </message>
            <full-stacktrace>
              <![CDATA[java.lang.Throwable: Method TransferMoneyTestPlan.testActivateNextBtn()[pri:0, instance:com.sandbox.testplans.TransferMoneyTestPlan@3dd3bcd] depends on not successfully finished methods
	at org.testng.internal.Invoker.invokeTestMethods(Invoker.java:1084)
	at org.testng.internal.TestMethodWorker.invokeTestMethods(TestMethodWorker.java:126)
	at org.testng.internal.TestMethodWorker.run(TestMethodWorker.java:109)
	at java.util.concurrent.ThreadPoolExecutor.runWorker(ThreadPoolExecutor.java:1142)
	at java.util.concurrent.ThreadPoolExecutor$Worker.run(ThreadPoolExecutor.java:617)
	at java.lang.Thread.run(Thread.java:745)
]]>
            </full-stacktrace>
          </exception> <!-- java.lang.Throwable -->
          <reporter-output>
          </reporter-output>
        </test-method> <!-- testActivateNextBtn -->
      </class> <!-- com.sandbox.testplans.TransferMoneyTestPlan -->
      <class name="com.sandbox.testplans.HomePageTestPlan">
        <test-method status="PASS" signature="testSectionBankAndCards()[pri:0, instance:com.sandbox.testplans.HomePageTestPlan@61dc03ce]" name="testSectionBankAndCards" duration-ms="15" started-at="2017-07-24T14:36:23Z" finished-at="2017-07-24T14:36:23Z">
          <reporter-output>
          </reporter-output>
        </test-method> <!-- testSectionBankAndCards -->
        <test-method status="PASS" signature="testMoreAboutYourAccount()[pri:0, instance:com.sandbox.testplans.HomePageTestPlan@61dc03ce]" name="testMoreAboutYourAccount" duration-ms="15" started-at="2017-07-24T14:36:23Z" finished-at="2017-07-24T14:36:23Z">
          <reporter-output>
          </reporter-output>
        </test-method> <!-- testMoreAboutYourAccount -->
        <test-method status="PASS" signature="testElementDisplayPayOrSendMoney()[pri:0, instance:com.sandbox.testplans.HomePageTestPlan@61dc03ce]" name="testElementDisplayPayOrSendMoney" duration-ms="22" started-at="2017-07-24T14:36:23Z" finished-at="2017-07-24T14:36:23Z">
          <reporter-output>
          </reporter-output>
        </test-method> <!-- testElementDisplayPayOrSendMoney -->
        <test-method status="PASS" signature="testElementTakeMoreTimeToPay()[pri:0, instance:com.sandbox.testplans.HomePageTestPlan@61dc03ce]" name="testElementTakeMoreTimeToPay" duration-ms="25" started-at="2017-07-24T14:36:23Z" finished-at="2017-07-24T14:36:23Z">
          <reporter-output>
          </reporter-output>
        </test-method> <!-- testElementTakeMoreTimeToPay -->
        <test-method status="PASS" signature="testElementGetThePaypalApp()[pri:0, instance:com.sandbox.testplans.HomePageTestPlan@61dc03ce]" name="testElementGetThePaypalApp" duration-ms="15" started-at="2017-07-24T14:36:23Z" finished-at="2017-07-24T14:36:23Z">
          <reporter-output>
          </reporter-output>
        </test-method> <!-- testElementGetThePaypalApp -->
        <test-method status="PASS" signature="testGreetingMsg()[pri:0, instance:com.sandbox.testplans.HomePageTestPlan@61dc03ce]" name="testGreetingMsg" duration-ms="18" started-at="2017-07-24T14:36:23Z" finished-at="2017-07-24T14:36:23Z">
          <reporter-output>
          </reporter-output>
        </test-method> <!-- testGreetingMsg -->
        <test-method status="PASS" signature="testSellingTools()[pri:0, instance:com.sandbox.testplans.HomePageTestPlan@61dc03ce]" name="testSellingTools" duration-ms="14" started-at="2017-07-24T14:36:23Z" finished-at="2017-07-24T14:36:23Z">
          <reporter-output>
          </reporter-output>
        </test-method> <!-- testSellingTools -->
      </class> <!-- com.sandbox.testplans.HomePageTestPlan -->
      <class name="com.sandbox.testplans.PayPalBalanceTestPlan">
        <test-method status="PASS" signature="testAccesstoPaypalBalanceFromHomePage()[pri:0, instance:com.sandbox.testplans.PayPalBalanceTestPlan@13c78c0b]" name="testAccesstoPaypalBalanceFromHomePage" duration-ms="15" started-at="2017-07-24T14:36:23Z" finished-at="2017-07-24T14:36:23Z">
          <reporter-output>
          </reporter-output>
        </test-method> <!-- testAccesstoPaypalBalanceFromHomePage -->
        <test-method status="PASS" signature="testLnkDisplayAddMoney()[pri:0, instance:com.sandbox.testplans.PayPalBalanceTestPlan@13c78c0b]" name="testLnkDisplayAddMoney" duration-ms="1" started-at="2017-07-24T14:36:23Z" depends-on-methods="com.sandbox.testplans.PayPalBalanceTestPlan.testAccesstoPaypalBalanceFromHomePage" finished-at="2017-07-24T14:36:23Z">
          <reporter-output>
          </reporter-output>
        </test-method> <!-- testLnkDisplayAddMoney -->
        <test-method status="PASS" signature="testLnkDisplayWithdrawMoney()[pri:0, instance:com.sandbox.testplans.PayPalBalanceTestPlan@13c78c0b]" name="testLnkDisplayWithdrawMoney" duration-ms="0" started-at="2017-07-24T14:36:23Z" depends-on-methods="com.sandbox.testplans.PayPalBalanceTestPlan.testAccesstoPaypalBalanceFromHomePage" finished-at="2017-07-24T14:36:23Z">
          <reporter-output>
          </reporter-output>
        </test-method> <!-- testLnkDisplayWithdrawMoney -->
        <test-method status="PASS" signature="testLnkDisplayManageCurrencies()[pri:0, instance:com.sandbox.testplans.PayPalBalanceTestPlan@13c78c0b]" name="testLnkDisplayManageCurrencies" duration-ms="0" started-at="2017-07-24T14:36:23Z" depends-on-methods="com.sandbox.testplans.PayPalBalanceTestPlan.testAccesstoPaypalBalanceFromHomePage" finished-at="2017-07-24T14:36:23Z">
          <reporter-output>
          </reporter-output>
        </test-method> <!-- testLnkDisplayManageCurrencies -->
      </class> <!-- com.sandbox.testplans.PayPalBalanceTestPlan -->
      <class name="com.sandbox.testplans.UserLogonTestPlan">
        <test-method status="FAIL" signature="testInputBoxPassword()[pri:0, instance:com.sandbox.testplans.UserLogonTestPlan@26f67b76]" name="testInputBoxPassword" duration-ms="31" started-at="2017-07-24T14:36:23Z" finished-at="2017-07-24T14:36:23Z">
          <exception class="java.lang.NullPointerException">
            <full-stacktrace>
              <![CDATA[java.lang.NullPointerException
	at com.sandbox.testplans.UserLogonTestPlan.testInputBoxPassword(UserLogonTestPlan.java:36)
	at sun.reflect.NativeMethodAccessorImpl.invoke0(Native Method)
	at sun.reflect.NativeMethodAccessorImpl.invoke(NativeMethodAccessorImpl.java:62)
	at sun.reflect.DelegatingMethodAccessorImpl.invoke(DelegatingMethodAccessorImpl.java:43)
	at java.lang.reflect.Method.invoke(Method.java:498)
	at org.testng.internal.MethodInvocationHelper.invokeMethod(MethodInvocationHelper.java:108)
	at org.testng.internal.Invoker.invokeMethod(Invoker.java:661)
	at org.testng.internal.Invoker.invokeTestMethod(Invoker.java:869)
	at org.testng.internal.Invoker.invokeTestMethods(Invoker.java:1193)
	at org.testng.internal.TestMethodWorker.invokeTestMethods(TestMethodWorker.java:126)
	at org.testng.internal.TestMethodWorker.run(TestMethodWorker.java:109)
	at java.util.concurrent.ThreadPoolExecutor.runWorker(ThreadPoolExecutor.java:1142)
	at java.util.concurrent.ThreadPoolExecutor$Worker.run(ThreadPoolExecutor.java:617)
	at java.lang.Thread.run(Thread.java:745)
]]>
            </full-stacktrace>
          </exception> <!-- java.lang.NullPointerException -->
          <reporter-output>
          </reporter-output>
        </test-method> <!-- testInputBoxPassword -->
        <test-method status="FAIL" signature="testInputBoxUser()[pri:0, instance:com.sandbox.testplans.UserLogonTestPlan@26f67b76]" name="testInputBoxUser" duration-ms="16" started-at="2017-07-24T14:36:23Z" finished-at="2017-07-24T14:36:23Z">
          <exception class="java.lang.NullPointerException">
            <full-stacktrace>
              <![CDATA[java.lang.NullPointerException
	at com.sandbox.testplans.UserLogonTestPlan.testInputBoxUser(UserLogonTestPlan.java:30)
	at sun.reflect.NativeMethodAccessorImpl.invoke0(Native Method)
	at sun.reflect.NativeMethodAccessorImpl.invoke(NativeMethodAccessorImpl.java:62)
	at sun.reflect.DelegatingMethodAccessorImpl.invoke(DelegatingMethodAccessorImpl.java:43)
	at java.lang.reflect.Method.invoke(Method.java:498)
	at org.testng.internal.MethodInvocationHelper.invokeMethod(MethodInvocationHelper.java:108)
	at org.testng.internal.Invoker.invokeMethod(Invoker.java:661)
	at org.testng.internal.Invoker.invokeTestMethod(Invoker.java:869)
	at org.testng.internal.Invoker.invokeTestMethods(Invoker.java:1193)
	at org.testng.internal.TestMethodWorker.invokeTestMethods(TestMethodWorker.java:126)
	at org.testng.internal.TestMethodWorker.run(TestMethodWorker.java:109)
	at java.util.concurrent.ThreadPoolExecutor.runWorker(ThreadPoolExecutor.java:1142)
	at java.util.concurrent.ThreadPoolExecutor$Worker.run(ThreadPoolExecutor.java:617)
	at java.lang.Thread.run(Thread.java:745)
]]>
            </full-stacktrace>
          </exception> <!-- java.lang.NullPointerException -->
          <reporter-output>
          </reporter-output>
        </test-method> <!-- testInputBoxUser -->
        <test-method status="FAIL" signature="testUserLogon()[pri:0, instance:com.sandbox.testplans.UserLogonTestPlan@26f67b76]" name="testUserLogon" duration-ms="14" started-at="2017-07-24T14:36:23Z" finished-at="2017-07-24T14:36:23Z">
          <exception class="java.lang.NullPointerException">
            <full-stacktrace>
              <![CDATA[java.lang.NullPointerException
	at com.sandbox.testplans.UserLogonTestPlan.testUserLogon(UserLogonTestPlan.java:46)
	at sun.reflect.NativeMethodAccessorImpl.invoke0(Native Method)
	at sun.reflect.NativeMethodAccessorImpl.invoke(NativeMethodAccessorImpl.java:62)
	at sun.reflect.DelegatingMethodAccessorImpl.invoke(DelegatingMethodAccessorImpl.java:43)
	at java.lang.reflect.Method.invoke(Method.java:498)
	at org.testng.internal.MethodInvocationHelper.invokeMethod(MethodInvocationHelper.java:108)
	at org.testng.internal.Invoker.invokeMethod(Invoker.java:661)
	at org.testng.internal.Invoker.invokeTestMethod(Invoker.java:869)
	at org.testng.internal.Invoker.invokeTestMethods(Invoker.java:1193)
	at org.testng.internal.TestMethodWorker.invokeTestMethods(TestMethodWorker.java:126)
	at org.testng.internal.TestMethodWorker.run(TestMethodWorker.java:109)
	at java.util.concurrent.ThreadPoolExecutor.runWorker(ThreadPoolExecutor.java:1142)
	at java.util.concurrent.ThreadPoolExecutor$Worker.run(ThreadPoolExecutor.java:617)
	at java.lang.Thread.run(Thread.java:745)
]]>
            </full-stacktrace>
          </exception> <!-- java.lang.NullPointerException -->
          <reporter-output>
          </reporter-output>
        </test-method> <!-- testUserLogon -->
        <test-method status="PASS" signature="testMock()[pri:0, instance:com.sandbox.testplans.UserLogonTestPlan@26f67b76]" name="testMock" duration-ms="1" started-at="2017-07-24T14:36:23Z" finished-at="2017-07-24T14:36:23Z">
          <reporter-output>
          </reporter-output>
        </test-method> <!-- testMock -->
      </class> <!-- com.sandbox.testplans.UserLogonTestPlan -->
    </test> <!-- paypal -->
  </suite> <!-- paypal -->
</testng-results>
